{"C:\\Users\\linds\\OneDrive\\Desktop\\Springboard\\Unit35\\express-biztime\\app.js": {"path":"C:\\Users\\linds\\OneDrive\\Desktop\\Springboard\\Unit35\\express-biztime\\app.js","statementMap":{"0":{"start":{"line":2,"column":16},"end":{"line":2,"column":34}},"1":{"start":{"line":4,"column":12},"end":{"line":4,"column":21}},"2":{"start":{"line":5,"column":21},"end":{"line":5,"column":46}},"3":{"start":{"line":7,"column":0},"end":{"line":7,"column":24}},"4":{"start":{"line":9,"column":22},"end":{"line":9,"column":50}},"5":{"start":{"line":10,"column":24},"end":{"line":10,"column":53}},"6":{"start":{"line":11,"column":0},"end":{"line":11,"column":36}},"7":{"start":{"line":12,"column":0},"end":{"line":12,"column":37}},"8":{"start":{"line":16,"column":0},"end":{"line":19,"column":3}},"9":{"start":{"line":17,"column":14},"end":{"line":17,"column":48}},"10":{"start":{"line":18,"column":2},"end":{"line":18,"column":19}},"11":{"start":{"line":23,"column":0},"end":{"line":30,"column":3}},"12":{"start":{"line":24,"column":2},"end":{"line":24,"column":32}},"13":{"start":{"line":26,"column":2},"end":{"line":29,"column":5}},"14":{"start":{"line":33,"column":0},"end":{"line":33,"column":21}}},"fnMap":{"0":{"name":"(anonymous_0)","decl":{"start":{"line":16,"column":8},"end":{"line":16,"column":9}},"loc":{"start":{"line":16,"column":33},"end":{"line":19,"column":1}},"line":16},"1":{"name":"(anonymous_1)","decl":{"start":{"line":23,"column":8},"end":{"line":23,"column":9}},"loc":{"start":{"line":23,"column":33},"end":{"line":30,"column":1}},"line":23}},"branchMap":{"0":{"loc":{"start":{"line":24,"column":13},"end":{"line":24,"column":30}},"type":"binary-expr","locations":[{"start":{"line":24,"column":13},"end":{"line":24,"column":23}},{"start":{"line":24,"column":27},"end":{"line":24,"column":30}}],"line":24}},"s":{"0":2,"1":2,"2":2,"3":2,"4":2,"5":2,"6":2,"7":2,"8":2,"9":0,"10":0,"11":2,"12":8,"13":8,"14":2},"f":{"0":0,"1":8},"b":{"0":[8,3]},"_coverageSchema":"1a1c01bbd47fc00a2c39e90264f33305004495a9","hash":"ae5c9f2040b60a5658d2c6696761bb2a9248cbb4"}
,"C:\\Users\\linds\\OneDrive\\Desktop\\Springboard\\Unit35\\express-biztime\\db.js": {"path":"C:\\Users\\linds\\OneDrive\\Desktop\\Springboard\\Unit35\\express-biztime\\db.js","statementMap":{"0":{"start":{"line":2,"column":19},"end":{"line":2,"column":32}},"1":{"start":{"line":6,"column":0},"end":{"line":10,"column":1}},"2":{"start":{"line":7,"column":4},"end":{"line":7,"column":42}},"3":{"start":{"line":9,"column":4},"end":{"line":9,"column":36}},"4":{"start":{"line":12,"column":9},"end":{"line":14,"column":2}},"5":{"start":{"line":16,"column":0},"end":{"line":16,"column":13}},"6":{"start":{"line":18,"column":0},"end":{"line":18,"column":20}}},"fnMap":{},"branchMap":{"0":{"loc":{"start":{"line":6,"column":0},"end":{"line":10,"column":1}},"type":"if","locations":[{"start":{"line":6,"column":0},"end":{"line":10,"column":1}},{"start":{"line":6,"column":0},"end":{"line":10,"column":1}}],"line":6}},"s":{"0":2,"1":2,"2":2,"3":0,"4":2,"5":2,"6":2},"f":{},"b":{"0":[2,0]},"_coverageSchema":"1a1c01bbd47fc00a2c39e90264f33305004495a9","hash":"c821b28725138b9eceb05bd1e8411a17ec2ddad0"}
,"C:\\Users\\linds\\OneDrive\\Desktop\\Springboard\\Unit35\\express-biztime\\expressError.js": {"path":"C:\\Users\\linds\\OneDrive\\Desktop\\Springboard\\Unit35\\express-biztime\\expressError.js","statementMap":{"0":{"start":{"line":9,"column":4},"end":{"line":9,"column":12}},"1":{"start":{"line":10,"column":4},"end":{"line":10,"column":27}},"2":{"start":{"line":11,"column":4},"end":{"line":11,"column":25}},"3":{"start":{"line":12,"column":4},"end":{"line":12,"column":30}},"4":{"start":{"line":17,"column":0},"end":{"line":17,"column":30}}},"fnMap":{"0":{"name":"(anonymous_0)","decl":{"start":{"line":8,"column":2},"end":{"line":8,"column":3}},"loc":{"start":{"line":8,"column":31},"end":{"line":13,"column":3}},"line":8}},"branchMap":{},"s":{"0":5,"1":5,"2":5,"3":5,"4":2},"f":{"0":5},"b":{},"_coverageSchema":"1a1c01bbd47fc00a2c39e90264f33305004495a9","hash":"20f103c80375b235b7fa4a1c73cda8f9d69b6cdc"}
,"C:\\Users\\linds\\OneDrive\\Desktop\\Springboard\\Unit35\\express-biztime\\routes\\companies.js": {"path":"C:\\Users\\linds\\OneDrive\\Desktop\\Springboard\\Unit35\\express-biztime\\routes\\companies.js","statementMap":{"0":{"start":{"line":1,"column":16},"end":{"line":1,"column":34}},"1":{"start":{"line":2,"column":21},"end":{"line":2,"column":47}},"2":{"start":{"line":3,"column":11},"end":{"line":3,"column":27}},"3":{"start":{"line":4,"column":16},"end":{"line":4,"column":34}},"4":{"start":{"line":6,"column":15},"end":{"line":6,"column":35}},"5":{"start":{"line":8,"column":0},"end":{"line":15,"column":2}},"6":{"start":{"line":9,"column":4},"end":{"line":14,"column":5}},"7":{"start":{"line":10,"column":24},"end":{"line":10,"column":74}},"8":{"start":{"line":11,"column":8},"end":{"line":11,"column":50}},"9":{"start":{"line":13,"column":8},"end":{"line":13,"column":22}},"10":{"start":{"line":17,"column":0},"end":{"line":35,"column":2}},"11":{"start":{"line":18,"column":4},"end":{"line":34,"column":5}},"12":{"start":{"line":19,"column":23},"end":{"line":19,"column":33}},"13":{"start":{"line":20,"column":28},"end":{"line":20,"column":114}},"14":{"start":{"line":22,"column":28},"end":{"line":22,"column":98}},"15":{"start":{"line":24,"column":8},"end":{"line":26,"column":9}},"16":{"start":{"line":25,"column":12},"end":{"line":25,"column":75}},"17":{"start":{"line":28,"column":24},"end":{"line":28,"column":43}},"18":{"start":{"line":29,"column":25},"end":{"line":29,"column":41}},"19":{"start":{"line":30,"column":8},"end":{"line":30,"column":35}},"20":{"start":{"line":31,"column":8},"end":{"line":31,"column":43}},"21":{"start":{"line":33,"column":8},"end":{"line":33,"column":22}},"22":{"start":{"line":37,"column":0},"end":{"line":48,"column":2}},"23":{"start":{"line":38,"column":4},"end":{"line":47,"column":5}},"24":{"start":{"line":40,"column":36},"end":{"line":40,"column":44}},"25":{"start":{"line":41,"column":21},"end":{"line":41,"column":62}},"26":{"start":{"line":42,"column":24},"end":{"line":42,"column":170}},"27":{"start":{"line":44,"column":8},"end":{"line":44,"column":63}},"28":{"start":{"line":46,"column":8},"end":{"line":46,"column":22}},"29":{"start":{"line":50,"column":0},"end":{"line":64,"column":2}},"30":{"start":{"line":51,"column":4},"end":{"line":63,"column":5}},"31":{"start":{"line":52,"column":23},"end":{"line":52,"column":33}},"32":{"start":{"line":53,"column":36},"end":{"line":53,"column":44}},"33":{"start":{"line":54,"column":24},"end":{"line":54,"column":161}},"34":{"start":{"line":56,"column":8},"end":{"line":58,"column":9}},"35":{"start":{"line":57,"column":12},"end":{"line":57,"column":83}},"36":{"start":{"line":60,"column":8},"end":{"line":60,"column":51}},"37":{"start":{"line":62,"column":8},"end":{"line":62,"column":22}},"38":{"start":{"line":66,"column":0},"end":{"line":77,"column":2}},"39":{"start":{"line":67,"column":4},"end":{"line":76,"column":5}},"40":{"start":{"line":68,"column":23},"end":{"line":68,"column":33}},"41":{"start":{"line":69,"column":24},"end":{"line":69,"column":102}},"42":{"start":{"line":70,"column":8},"end":{"line":72,"column":9}},"43":{"start":{"line":71,"column":12},"end":{"line":71,"column":84}},"44":{"start":{"line":73,"column":8},"end":{"line":73,"column":45}},"45":{"start":{"line":75,"column":8},"end":{"line":75,"column":22}},"46":{"start":{"line":79,"column":0},"end":{"line":79,"column":23}}},"fnMap":{"0":{"name":"(anonymous_0)","decl":{"start":{"line":8,"column":16},"end":{"line":8,"column":17}},"loc":{"start":{"line":8,"column":39},"end":{"line":15,"column":1}},"line":8},"1":{"name":"(anonymous_1)","decl":{"start":{"line":17,"column":21},"end":{"line":17,"column":22}},"loc":{"start":{"line":17,"column":46},"end":{"line":35,"column":1}},"line":17},"2":{"name":"(anonymous_2)","decl":{"start":{"line":37,"column":17},"end":{"line":37,"column":18}},"loc":{"start":{"line":37,"column":42},"end":{"line":48,"column":1}},"line":37},"3":{"name":"(anonymous_3)","decl":{"start":{"line":50,"column":23},"end":{"line":50,"column":24}},"loc":{"start":{"line":50,"column":46},"end":{"line":64,"column":1}},"line":50},"4":{"name":"(anonymous_4)","decl":{"start":{"line":66,"column":24},"end":{"line":66,"column":25}},"loc":{"start":{"line":66,"column":47},"end":{"line":77,"column":1}},"line":66}},"branchMap":{"0":{"loc":{"start":{"line":24,"column":8},"end":{"line":26,"column":9}},"type":"if","locations":[{"start":{"line":24,"column":8},"end":{"line":26,"column":9}},{"start":{"line":24,"column":8},"end":{"line":26,"column":9}}],"line":24},"1":{"loc":{"start":{"line":56,"column":8},"end":{"line":58,"column":9}},"type":"if","locations":[{"start":{"line":56,"column":8},"end":{"line":58,"column":9}},{"start":{"line":56,"column":8},"end":{"line":58,"column":9}}],"line":56},"2":{"loc":{"start":{"line":70,"column":8},"end":{"line":72,"column":9}},"type":"if","locations":[{"start":{"line":70,"column":8},"end":{"line":72,"column":9}},{"start":{"line":70,"column":8},"end":{"line":72,"column":9}}],"line":70}},"s":{"0":2,"1":2,"2":2,"3":2,"4":2,"5":2,"6":1,"7":1,"8":1,"9":0,"10":2,"11":2,"12":2,"13":2,"14":2,"15":2,"16":1,"17":1,"18":1,"19":1,"20":1,"21":1,"22":2,"23":1,"24":1,"25":1,"26":1,"27":1,"28":0,"29":2,"30":2,"31":2,"32":2,"33":2,"34":2,"35":1,"36":1,"37":1,"38":2,"39":2,"40":2,"41":2,"42":2,"43":1,"44":1,"45":1,"46":2},"f":{"0":1,"1":2,"2":1,"3":2,"4":2},"b":{"0":[1,1],"1":[1,1],"2":[1,1]},"_coverageSchema":"1a1c01bbd47fc00a2c39e90264f33305004495a9","hash":"6081af1a2b57eabce66bf73a535780216d67cf13"}
,"C:\\Users\\linds\\OneDrive\\Desktop\\Springboard\\Unit35\\express-biztime\\routes\\invoices.js": {"path":"C:\\Users\\linds\\OneDrive\\Desktop\\Springboard\\Unit35\\express-biztime\\routes\\invoices.js","statementMap":{"0":{"start":{"line":1,"column":16},"end":{"line":1,"column":34}},"1":{"start":{"line":2,"column":21},"end":{"line":2,"column":47}},"2":{"start":{"line":3,"column":11},"end":{"line":3,"column":27}},"3":{"start":{"line":5,"column":15},"end":{"line":5,"column":35}},"4":{"start":{"line":8,"column":0},"end":{"line":15,"column":2}},"5":{"start":{"line":9,"column":4},"end":{"line":14,"column":5}},"6":{"start":{"line":10,"column":24},"end":{"line":10,"column":76}},"7":{"start":{"line":11,"column":8},"end":{"line":11,"column":51}},"8":{"start":{"line":13,"column":8},"end":{"line":13,"column":23}},"9":{"start":{"line":17,"column":0},"end":{"line":47,"column":2}},"10":{"start":{"line":18,"column":4},"end":{"line":46,"column":5}},"11":{"start":{"line":19,"column":21},"end":{"line":19,"column":31}},"12":{"start":{"line":20,"column":24},"end":{"line":20,"column":138}},"13":{"start":{"line":21,"column":8},"end":{"line":23,"column":9}},"14":{"start":{"line":22,"column":12},"end":{"line":22,"column":78}},"15":{"start":{"line":25,"column":21},"end":{"line":25,"column":36}},"16":{"start":{"line":27,"column":24},"end":{"line":41,"column":9}},"17":{"start":{"line":42,"column":8},"end":{"line":42,"column":32}},"18":{"start":{"line":45,"column":8},"end":{"line":45,"column":23}},"19":{"start":{"line":49,"column":0},"end":{"line":58,"column":2}},"20":{"start":{"line":50,"column":4},"end":{"line":57,"column":5}},"21":{"start":{"line":51,"column":35},"end":{"line":51,"column":43}},"22":{"start":{"line":52,"column":24},"end":{"line":52,"column":169}},"23":{"start":{"line":53,"column":8},"end":{"line":53,"column":63}},"24":{"start":{"line":56,"column":8},"end":{"line":56,"column":22}},"25":{"start":{"line":61,"column":0},"end":{"line":87,"column":2}},"26":{"start":{"line":62,"column":4},"end":{"line":86,"column":5}},"27":{"start":{"line":63,"column":21},"end":{"line":63,"column":31}},"28":{"start":{"line":64,"column":28},"end":{"line":64,"column":36}},"29":{"start":{"line":65,"column":23},"end":{"line":65,"column":27}},"30":{"start":{"line":67,"column":25},"end":{"line":67,"column":87}},"31":{"start":{"line":69,"column":8},"end":{"line":75,"column":9}},"32":{"start":{"line":70,"column":12},"end":{"line":70,"column":33}},"33":{"start":{"line":71,"column":15},"end":{"line":75,"column":9}},"34":{"start":{"line":72,"column":12},"end":{"line":72,"column":27}},"35":{"start":{"line":74,"column":12},"end":{"line":74,"column":49}},"36":{"start":{"line":77,"column":24},"end":{"line":77,"column":186}},"37":{"start":{"line":79,"column":8},"end":{"line":81,"column":9}},"38":{"start":{"line":80,"column":12},"end":{"line":80,"column":80}},"39":{"start":{"line":83,"column":8},"end":{"line":83,"column":52}},"40":{"start":{"line":85,"column":8},"end":{"line":85,"column":22}},"41":{"start":{"line":89,"column":0},"end":{"line":100,"column":2}},"42":{"start":{"line":90,"column":4},"end":{"line":99,"column":5}},"43":{"start":{"line":91,"column":21},"end":{"line":91,"column":31}},"44":{"start":{"line":92,"column":24},"end":{"line":92,"column":95}},"45":{"start":{"line":93,"column":8},"end":{"line":95,"column":9}},"46":{"start":{"line":94,"column":12},"end":{"line":94,"column":80}},"47":{"start":{"line":96,"column":8},"end":{"line":96,"column":45}},"48":{"start":{"line":98,"column":8},"end":{"line":98,"column":22}},"49":{"start":{"line":101,"column":0},"end":{"line":101,"column":24}}},"fnMap":{"0":{"name":"(anonymous_0)","decl":{"start":{"line":8,"column":16},"end":{"line":8,"column":17}},"loc":{"start":{"line":8,"column":42},"end":{"line":15,"column":1}},"line":8},"1":{"name":"(anonymous_1)","decl":{"start":{"line":17,"column":19},"end":{"line":17,"column":20}},"loc":{"start":{"line":17,"column":45},"end":{"line":47,"column":1}},"line":17},"2":{"name":"(anonymous_2)","decl":{"start":{"line":49,"column":17},"end":{"line":49,"column":18}},"loc":{"start":{"line":49,"column":43},"end":{"line":58,"column":1}},"line":49},"3":{"name":"(anonymous_3)","decl":{"start":{"line":61,"column":21},"end":{"line":61,"column":22}},"loc":{"start":{"line":61,"column":47},"end":{"line":87,"column":1}},"line":61},"4":{"name":"(anonymous_4)","decl":{"start":{"line":89,"column":22},"end":{"line":89,"column":23}},"loc":{"start":{"line":89,"column":48},"end":{"line":100,"column":1}},"line":89}},"branchMap":{"0":{"loc":{"start":{"line":21,"column":8},"end":{"line":23,"column":9}},"type":"if","locations":[{"start":{"line":21,"column":8},"end":{"line":23,"column":9}},{"start":{"line":21,"column":8},"end":{"line":23,"column":9}}],"line":21},"1":{"loc":{"start":{"line":69,"column":8},"end":{"line":75,"column":9}},"type":"if","locations":[{"start":{"line":69,"column":8},"end":{"line":75,"column":9}},{"start":{"line":69,"column":8},"end":{"line":75,"column":9}}],"line":69},"2":{"loc":{"start":{"line":69,"column":11},"end":{"line":69,"column":46}},"type":"binary-expr","locations":[{"start":{"line":69,"column":11},"end":{"line":69,"column":38}},{"start":{"line":69,"column":42},"end":{"line":69,"column":46}}],"line":69},"3":{"loc":{"start":{"line":71,"column":15},"end":{"line":75,"column":9}},"type":"if","locations":[{"start":{"line":71,"column":15},"end":{"line":75,"column":9}},{"start":{"line":71,"column":15},"end":{"line":75,"column":9}}],"line":71},"4":{"loc":{"start":{"line":79,"column":8},"end":{"line":81,"column":9}},"type":"if","locations":[{"start":{"line":79,"column":8},"end":{"line":81,"column":9}},{"start":{"line":79,"column":8},"end":{"line":81,"column":9}}],"line":79},"5":{"loc":{"start":{"line":93,"column":8},"end":{"line":95,"column":9}},"type":"if","locations":[{"start":{"line":93,"column":8},"end":{"line":95,"column":9}},{"start":{"line":93,"column":8},"end":{"line":95,"column":9}}],"line":93}},"s":{"0":2,"1":2,"2":2,"3":2,"4":2,"5":1,"6":1,"7":1,"8":0,"9":2,"10":2,"11":2,"12":2,"13":2,"14":1,"15":1,"16":1,"17":1,"18":1,"19":2,"20":1,"21":1,"22":1,"23":0,"24":1,"25":2,"26":2,"27":2,"28":2,"29":2,"30":2,"31":2,"32":0,"33":1,"34":1,"35":0,"36":1,"37":0,"38":0,"39":0,"40":2,"41":2,"42":2,"43":2,"44":2,"45":2,"46":1,"47":1,"48":1,"49":2},"f":{"0":1,"1":2,"2":1,"3":2,"4":2},"b":{"0":[1,1],"1":[0,1],"2":[2,1],"3":[1,0],"4":[0,0],"5":[1,1]},"_coverageSchema":"1a1c01bbd47fc00a2c39e90264f33305004495a9","hash":"d3657f2af5259084c0bb37f7cd18b31e99ed7a3b"}
}
