TN:
SF:app.js
FN:16,(anonymous_0)
FN:23,(anonymous_1)
FNF:2
FNH:1
FNDA:0,(anonymous_0)
FNDA:8,(anonymous_1)
DA:2,2
DA:4,2
DA:5,2
DA:7,2
DA:9,2
DA:10,2
DA:11,2
DA:12,2
DA:16,2
DA:17,0
DA:18,0
DA:23,2
DA:24,8
DA:26,8
DA:33,2
LF:15
LH:13
BRDA:24,0,0,8
BRDA:24,0,1,3
BRF:2
BRH:2
end_of_record
TN:
SF:db.js
FNF:0
FNH:0
DA:2,2
DA:6,2
DA:7,2
DA:9,0
DA:12,2
DA:16,2
DA:18,2
LF:7
LH:6
BRDA:6,0,0,2
BRDA:6,0,1,0
BRF:2
BRH:1
end_of_record
TN:
SF:expressError.js
FN:8,(anonymous_0)
FNF:1
FNH:1
FNDA:5,(anonymous_0)
DA:9,5
DA:10,5
DA:11,5
DA:12,5
DA:17,2
LF:5
LH:5
BRF:0
BRH:0
end_of_record
TN:
SF:routes\companies.js
FN:8,(anonymous_0)
FN:17,(anonymous_1)
FN:37,(anonymous_2)
FN:50,(anonymous_3)
FN:66,(anonymous_4)
FNF:5
FNH:5
FNDA:1,(anonymous_0)
FNDA:2,(anonymous_1)
FNDA:1,(anonymous_2)
FNDA:2,(anonymous_3)
FNDA:2,(anonymous_4)
DA:1,2
DA:2,2
DA:3,2
DA:4,2
DA:6,2
DA:8,2
DA:9,1
DA:10,1
DA:11,1
DA:13,0
DA:17,2
DA:18,2
DA:19,2
DA:20,2
DA:22,2
DA:24,2
DA:25,1
DA:28,1
DA:29,1
DA:30,1
DA:31,1
DA:33,1
DA:37,2
DA:38,1
DA:40,1
DA:41,1
DA:42,1
DA:44,1
DA:46,0
DA:50,2
DA:51,2
DA:52,2
DA:53,2
DA:54,2
DA:56,2
DA:57,1
DA:60,1
DA:62,1
DA:66,2
DA:67,2
DA:68,2
DA:69,2
DA:70,2
DA:71,1
DA:73,1
DA:75,1
DA:79,2
LF:47
LH:45
BRDA:24,0,0,1
BRDA:24,0,1,1
BRDA:56,1,0,1
BRDA:56,1,1,1
BRDA:70,2,0,1
BRDA:70,2,1,1
BRF:6
BRH:6
end_of_record
TN:
SF:routes\invoices.js
FN:8,(anonymous_0)
FN:17,(anonymous_1)
FN:49,(anonymous_2)
FN:61,(anonymous_3)
FN:89,(anonymous_4)
FNF:5
FNH:5
FNDA:1,(anonymous_0)
FNDA:2,(anonymous_1)
FNDA:1,(anonymous_2)
FNDA:2,(anonymous_3)
FNDA:2,(anonymous_4)
DA:1,2
DA:2,2
DA:3,2
DA:5,2
DA:8,2
DA:9,1
DA:10,1
DA:11,1
DA:13,0
DA:17,2
DA:18,2
DA:19,2
DA:20,2
DA:21,2
DA:22,1
DA:25,1
DA:27,1
DA:42,1
DA:45,1
DA:49,2
DA:50,1
DA:51,1
DA:52,1
DA:53,0
DA:56,1
DA:61,2
DA:62,2
DA:63,2
DA:64,2
DA:65,2
DA:67,2
DA:69,2
DA:70,0
DA:71,1
DA:72,1
DA:74,0
DA:77,1
DA:79,0
DA:80,0
DA:83,0
DA:85,2
DA:89,2
DA:90,2
DA:91,2
DA:92,2
DA:93,2
DA:94,1
DA:96,1
DA:98,1
DA:101,2
LF:50
LH:43
BRDA:21,0,0,1
BRDA:21,0,1,1
BRDA:69,1,0,0
BRDA:69,1,1,1
BRDA:69,2,0,2
BRDA:69,2,1,1
BRDA:71,3,0,1
BRDA:71,3,1,0
BRDA:79,4,0,0
BRDA:79,4,1,0
BRDA:93,5,0,1
BRDA:93,5,1,1
BRF:12
BRH:8
end_of_record
